[0.055s] DEBUG:colcon:Command line arguments: ['/usr/bin/colcon', 'build']
[0.055s] DEBUG:colcon:Parsed command line arguments: Namespace(log_base=None, log_level=None, verb_name='build', build_base='build', install_base='install', merge_install=False, symlink_install=False, test_result_base=None, continue_on_error=False, executor='parallel', parallel_workers=20, event_handlers=None, ignore_user_meta=False, metas=['./colcon.meta'], base_paths=['.'], packages_ignore=None, packages_ignore_regex=None, paths=None, packages_up_to=None, packages_up_to_regex=None, packages_above=None, packages_above_and_dependencies=None, packages_above_depth=None, packages_select_by_dep=None, packages_skip_by_dep=None, packages_skip_up_to=None, packages_select_build_failed=False, packages_skip_build_finished=False, packages_select_test_failures=False, packages_skip_test_passed=False, packages_select=None, packages_skip=None, packages_select_regex=None, packages_skip_regex=None, packages_start=None, packages_end=None, allow_overriding=[], cmake_args=None, cmake_target=None, cmake_target_skip_unavailable=False, cmake_clean_cache=False, cmake_clean_first=False, cmake_force_configure=False, ament_cmake_args=None, catkin_cmake_args=None, catkin_skip_building_tests=False, mixin_files=None, mixin=None, verb_parser=<colcon_mixin.mixin.mixin_argument.MixinArgumentDecorator object at 0x73f75324a650>, verb_extension=<colcon_core.verb.build.BuildVerb object at 0x73f75335ac20>, main=<bound method BuildVerb.main of <colcon_core.verb.build.BuildVerb object at 0x73f75335ac20>>, mixin_verb=('build',))
[0.132s] Level 1:colcon.colcon_core.package_discovery:discover_packages(colcon_meta) check parameters
[0.132s] Level 1:colcon.colcon_core.package_discovery:discover_packages(recursive) check parameters
[0.132s] Level 1:colcon.colcon_core.package_discovery:discover_packages(ignore) check parameters
[0.132s] Level 1:colcon.colcon_core.package_discovery:discover_packages(path) check parameters
[0.132s] Level 1:colcon.colcon_core.package_discovery:discover_packages(colcon_meta) discover
[0.132s] Level 1:colcon.colcon_core.package_discovery:discover_packages(recursive) discover
[0.132s] INFO:colcon.colcon_core.package_discovery:Crawling recursively for packages in '/home/main/Documents/CS460_Project'
[0.132s] Level 1:colcon.colcon_core.package_identification:_identify(.) by extensions ['ignore', 'ignore_ament_install']
[0.132s] Level 1:colcon.colcon_core.package_identification:_identify(.) by extension 'ignore'
[0.132s] Level 1:colcon.colcon_core.package_identification:_identify(.) by extension 'ignore_ament_install'
[0.132s] Level 1:colcon.colcon_core.package_identification:_identify(.) by extensions ['colcon_pkg']
[0.133s] Level 1:colcon.colcon_core.package_identification:_identify(.) by extension 'colcon_pkg'
[0.133s] Level 1:colcon.colcon_core.package_identification:_identify(.) by extensions ['colcon_meta']
[0.133s] Level 1:colcon.colcon_core.package_identification:_identify(.) by extension 'colcon_meta'
[0.133s] Level 1:colcon.colcon_core.package_identification:_identify(.) by extensions ['ros']
[0.133s] Level 1:colcon.colcon_core.package_identification:_identify(.) by extension 'ros'
[0.139s] Level 1:colcon.colcon_core.package_identification:_identify(.) by extensions ['cmake', 'python']
[0.139s] Level 1:colcon.colcon_core.package_identification:_identify(.) by extension 'cmake'
[0.139s] Level 1:colcon.colcon_core.package_identification:_identify(.) by extension 'python'
[0.139s] Level 1:colcon.colcon_core.package_identification:_identify(.) by extensions ['python_setup_py']
[0.139s] Level 1:colcon.colcon_core.package_identification:_identify(.) by extension 'python_setup_py'
[0.140s] Level 1:colcon.colcon_core.package_identification:_identify(CS460_Project) by extensions ['ignore', 'ignore_ament_install']
[0.140s] Level 1:colcon.colcon_core.package_identification:_identify(CS460_Project) by extension 'ignore'
[0.140s] Level 1:colcon.colcon_core.package_identification:_identify(CS460_Project) by extension 'ignore_ament_install'
[0.140s] Level 1:colcon.colcon_core.package_identification:_identify(CS460_Project) by extensions ['colcon_pkg']
[0.140s] Level 1:colcon.colcon_core.package_identification:_identify(CS460_Project) by extension 'colcon_pkg'
[0.140s] Level 1:colcon.colcon_core.package_identification:_identify(CS460_Project) by extensions ['colcon_meta']
[0.140s] Level 1:colcon.colcon_core.package_identification:_identify(CS460_Project) by extension 'colcon_meta'
[0.140s] Level 1:colcon.colcon_core.package_identification:_identify(CS460_Project) by extensions ['ros']
[0.140s] Level 1:colcon.colcon_core.package_identification:_identify(CS460_Project) by extension 'ros'
[0.141s] DEBUG:colcon.colcon_core.package_identification:Package 'CS460_Project' with type 'ros.ament_python' and name 'CS460_Project'
[0.141s] Level 1:colcon.colcon_core.package_identification:_identify(build) by extensions ['ignore', 'ignore_ament_install']
[0.141s] Level 1:colcon.colcon_core.package_identification:_identify(build) by extension 'ignore'
[0.141s] Level 1:colcon.colcon_core.package_identification:_identify(build) ignored
[0.141s] Level 1:colcon.colcon_core.package_identification:_identify(install) by extensions ['ignore', 'ignore_ament_install']
[0.141s] Level 1:colcon.colcon_core.package_identification:_identify(install) by extension 'ignore'
[0.141s] Level 1:colcon.colcon_core.package_identification:_identify(install) ignored
[0.141s] Level 1:colcon.colcon_core.package_identification:_identify(log) by extensions ['ignore', 'ignore_ament_install']
[0.141s] Level 1:colcon.colcon_core.package_identification:_identify(log) by extension 'ignore'
[0.141s] Level 1:colcon.colcon_core.package_identification:_identify(log) ignored
[0.141s] Level 1:colcon.colcon_core.package_discovery:discover_packages(recursive) using defaults
[0.141s] Level 1:colcon.colcon_core.package_discovery:discover_packages(ignore) discover
[0.141s] Level 1:colcon.colcon_core.package_discovery:discover_packages(ignore) using defaults
[0.141s] Level 1:colcon.colcon_core.package_discovery:discover_packages(path) discover
[0.142s] Level 1:colcon.colcon_core.package_discovery:discover_packages(path) using defaults
[0.152s] Level 1:colcon.colcon_core.package_discovery:discover_packages(prefix_path) check parameters
[0.152s] Level 1:colcon.colcon_core.package_discovery:discover_packages(prefix_path) discover
[0.153s] DEBUG:colcon.colcon_installed_package_information.package_discovery:Found 1 installed packages in /home/main/Documents/CS460_Project/install
[0.154s] DEBUG:colcon.colcon_installed_package_information.package_discovery:Found 301 installed packages in /opt/ros/humble
[0.160s] Level 1:colcon.colcon_core.package_discovery:discover_packages(prefix_path) using defaults
[0.178s] Level 5:colcon.colcon_core.verb:set package 'CS460_Project' build argument 'cmake_args' from command line to 'None'
[0.178s] Level 5:colcon.colcon_core.verb:set package 'CS460_Project' build argument 'cmake_target' from command line to 'None'
[0.178s] Level 5:colcon.colcon_core.verb:set package 'CS460_Project' build argument 'cmake_target_skip_unavailable' from command line to 'False'
[0.178s] Level 5:colcon.colcon_core.verb:set package 'CS460_Project' build argument 'cmake_clean_cache' from command line to 'False'
[0.178s] Level 5:colcon.colcon_core.verb:set package 'CS460_Project' build argument 'cmake_clean_first' from command line to 'False'
[0.178s] Level 5:colcon.colcon_core.verb:set package 'CS460_Project' build argument 'cmake_force_configure' from command line to 'False'
[0.178s] Level 5:colcon.colcon_core.verb:set package 'CS460_Project' build argument 'ament_cmake_args' from command line to 'None'
[0.178s] Level 5:colcon.colcon_core.verb:set package 'CS460_Project' build argument 'catkin_cmake_args' from command line to 'None'
[0.178s] Level 5:colcon.colcon_core.verb:set package 'CS460_Project' build argument 'catkin_skip_building_tests' from command line to 'False'
[0.178s] DEBUG:colcon.colcon_core.verb:Building package 'CS460_Project' with the following arguments: {'ament_cmake_args': None, 'build_base': '/home/main/Documents/CS460_Project/build/CS460_Project', 'catkin_cmake_args': None, 'catkin_skip_building_tests': False, 'cmake_args': None, 'cmake_clean_cache': False, 'cmake_clean_first': False, 'cmake_force_configure': False, 'cmake_target': None, 'cmake_target_skip_unavailable': False, 'install_base': '/home/main/Documents/CS460_Project/install/CS460_Project', 'merge_install': False, 'path': '/home/main/Documents/CS460_Project/CS460_Project', 'symlink_install': False, 'test_result_base': None}
[0.178s] INFO:colcon.colcon_core.executor:Executing jobs using 'parallel' executor
[0.179s] DEBUG:colcon.colcon_parallel_executor.executor.parallel:run_until_complete
[0.179s] INFO:colcon.colcon_ros.task.ament_python.build:Building ROS package in '/home/main/Documents/CS460_Project/CS460_Project' with build type 'ament_python'
[0.179s] Level 1:colcon.colcon_core.shell:create_environment_hook('CS460_Project', 'ament_prefix_path')
[0.180s] INFO:colcon.colcon_core.plugin_system:Skipping extension 'colcon_core.shell.bat': Not used on non-Windows systems
[0.180s] INFO:colcon.colcon_core.shell:Creating environment hook '/home/main/Documents/CS460_Project/install/CS460_Project/share/CS460_Project/hook/ament_prefix_path.ps1'
[0.180s] INFO:colcon.colcon_core.shell:Creating environment descriptor '/home/main/Documents/CS460_Project/install/CS460_Project/share/CS460_Project/hook/ament_prefix_path.dsv'
[0.181s] INFO:colcon.colcon_core.shell:Creating environment hook '/home/main/Documents/CS460_Project/install/CS460_Project/share/CS460_Project/hook/ament_prefix_path.sh'
[0.181s] INFO:colcon.colcon_core.shell:Skip shell extension 'powershell' for command environment: Not usable outside of PowerShell
[0.181s] DEBUG:colcon.colcon_core.shell:Skip shell extension 'dsv' for command environment
[0.311s] WARNING:colcon.colcon_ros.task.ament_python.build:Package 'CS460_Project' doesn't explicitly install a marker in the package index (colcon-ros currently does it implicitly but that fallback will be removed in the future)
[0.311s] WARNING:colcon.colcon_ros.task.ament_python.build:Package 'CS460_Project' doesn't explicitly install the 'package.xml' file (colcon-ros currently does it implicitly but that fallback will be removed in the future)
[0.311s] INFO:colcon.colcon_core.task.python.build:Building Python package in '/home/main/Documents/CS460_Project/CS460_Project'
[0.312s] INFO:colcon.colcon_core.shell:Skip shell extension 'powershell' for command environment: Not usable outside of PowerShell
[0.312s] DEBUG:colcon.colcon_core.shell:Skip shell extension 'dsv' for command environment
[0.488s] DEBUG:colcon.colcon_core.event_handler.log_command:Invoking command in '/home/main/Documents/CS460_Project/CS460_Project': PYTHONPATH=/home/main/Documents/CS460_Project/build/CS460_Project/prefix_override:/usr/lib/python3/dist-packages/colcon_core/task/python/colcon_distutils_commands:/home/main/Documents/CS460_Project/install/CS460_Project/lib/python3.10/site-packages:${PYTHONPATH} /usr/bin/python3 -W ignore:setup.py install is deprecated setup.py egg_info --egg-base ../build/CS460_Project build --build-base /home/main/Documents/CS460_Project/build/CS460_Project/build install --record /home/main/Documents/CS460_Project/build/CS460_Project/install.log --single-version-externally-managed
[0.629s] DEBUG:colcon.colcon_core.event_handler.log_command:Invoked command in '/home/main/Documents/CS460_Project/CS460_Project' returned '0': PYTHONPATH=/home/main/Documents/CS460_Project/build/CS460_Project/prefix_override:/usr/lib/python3/dist-packages/colcon_core/task/python/colcon_distutils_commands:/home/main/Documents/CS460_Project/install/CS460_Project/lib/python3.10/site-packages:${PYTHONPATH} /usr/bin/python3 -W ignore:setup.py install is deprecated setup.py egg_info --egg-base ../build/CS460_Project build --build-base /home/main/Documents/CS460_Project/build/CS460_Project/build install --record /home/main/Documents/CS460_Project/build/CS460_Project/install.log --single-version-externally-managed
[0.630s] Level 1:colcon.colcon_core.environment:checking '/home/main/Documents/CS460_Project/install/CS460_Project' for CMake module files
[0.631s] Level 1:colcon.colcon_core.environment:checking '/home/main/Documents/CS460_Project/install/CS460_Project' for CMake config files
[0.631s] Level 1:colcon.colcon_core.environment:checking '/home/main/Documents/CS460_Project/install/CS460_Project/lib'
[0.631s] Level 1:colcon.colcon_core.environment:checking '/home/main/Documents/CS460_Project/install/CS460_Project/bin'
[0.631s] Level 1:colcon.colcon_core.environment:checking '/home/main/Documents/CS460_Project/install/CS460_Project/lib/pkgconfig/CS460_Project.pc'
[0.631s] Level 1:colcon.colcon_core.environment:checking '/home/main/Documents/CS460_Project/install/CS460_Project/lib/python3.10/site-packages'
[0.631s] Level 1:colcon.colcon_core.shell:create_environment_hook('CS460_Project', 'pythonpath')
[0.631s] INFO:colcon.colcon_core.shell:Creating environment hook '/home/main/Documents/CS460_Project/install/CS460_Project/share/CS460_Project/hook/pythonpath.ps1'
[0.632s] INFO:colcon.colcon_core.shell:Creating environment descriptor '/home/main/Documents/CS460_Project/install/CS460_Project/share/CS460_Project/hook/pythonpath.dsv'
[0.632s] INFO:colcon.colcon_core.shell:Creating environment hook '/home/main/Documents/CS460_Project/install/CS460_Project/share/CS460_Project/hook/pythonpath.sh'
[0.632s] Level 1:colcon.colcon_core.environment:checking '/home/main/Documents/CS460_Project/install/CS460_Project/bin'
[0.632s] Level 1:colcon.colcon_core.environment:create_environment_scripts_only(CS460_Project)
[0.632s] INFO:colcon.colcon_core.shell:Creating package script '/home/main/Documents/CS460_Project/install/CS460_Project/share/CS460_Project/package.ps1'
[0.633s] INFO:colcon.colcon_core.shell:Creating package descriptor '/home/main/Documents/CS460_Project/install/CS460_Project/share/CS460_Project/package.dsv'
[0.633s] INFO:colcon.colcon_core.shell:Creating package script '/home/main/Documents/CS460_Project/install/CS460_Project/share/CS460_Project/package.sh'
[0.633s] INFO:colcon.colcon_core.shell:Creating package script '/home/main/Documents/CS460_Project/install/CS460_Project/share/CS460_Project/package.bash'
[0.634s] INFO:colcon.colcon_core.shell:Creating package script '/home/main/Documents/CS460_Project/install/CS460_Project/share/CS460_Project/package.zsh'
[0.634s] Level 1:colcon.colcon_core.environment:create_file_with_runtime_dependencies(/home/main/Documents/CS460_Project/install/CS460_Project/share/colcon-core/packages/CS460_Project)
[0.634s] DEBUG:colcon.colcon_parallel_executor.executor.parallel:closing loop
[0.634s] DEBUG:colcon.colcon_parallel_executor.executor.parallel:loop closed
[0.634s] DEBUG:colcon.colcon_parallel_executor.executor.parallel:run_until_complete finished with '0'
[0.634s] DEBUG:colcon.colcon_core.event_reactor:joining thread
[0.638s] INFO:colcon.colcon_core.plugin_system:Skipping extension 'colcon_notification.desktop_notification.terminal_notifier': Not used on non-Darwin systems
[0.638s] INFO:colcon.colcon_core.plugin_system:Skipping extension 'colcon_notification.desktop_notification.win32': Not used on non-Windows systems
[0.638s] INFO:colcon.colcon_notification.desktop_notification:Sending desktop notification using 'notify2'
[0.647s] DEBUG:colcon.colcon_core.event_reactor:joined thread
[0.647s] INFO:colcon.colcon_core.shell:Creating prefix script '/home/main/Documents/CS460_Project/install/local_setup.ps1'
[0.648s] INFO:colcon.colcon_core.shell:Creating prefix util module '/home/main/Documents/CS460_Project/install/_local_setup_util_ps1.py'
[0.648s] INFO:colcon.colcon_core.shell:Creating prefix chain script '/home/main/Documents/CS460_Project/install/setup.ps1'
[0.649s] INFO:colcon.colcon_core.shell:Creating prefix script '/home/main/Documents/CS460_Project/install/local_setup.sh'
[0.649s] INFO:colcon.colcon_core.shell:Creating prefix util module '/home/main/Documents/CS460_Project/install/_local_setup_util_sh.py'
[0.649s] INFO:colcon.colcon_core.shell:Creating prefix chain script '/home/main/Documents/CS460_Project/install/setup.sh'
[0.650s] INFO:colcon.colcon_core.shell:Creating prefix script '/home/main/Documents/CS460_Project/install/local_setup.bash'
[0.650s] INFO:colcon.colcon_core.shell:Creating prefix chain script '/home/main/Documents/CS460_Project/install/setup.bash'
[0.650s] INFO:colcon.colcon_core.shell:Creating prefix script '/home/main/Documents/CS460_Project/install/local_setup.zsh'
[0.651s] INFO:colcon.colcon_core.shell:Creating prefix chain script '/home/main/Documents/CS460_Project/install/setup.zsh'
