[0.300s] Invoking command in '/home/main/Documents/CS460_Project/CS460_Project': PYTHONPATH=/home/main/Documents/CS460_Project/build/CS460_Project/prefix_override:/usr/lib/python3/dist-packages/colcon_core/task/python/colcon_distutils_commands:/home/main/Documents/CS460_Project/install/CS460_Project/lib/python3.10/site-packages:${PYTHONPATH} /usr/bin/python3 -W ignore:setup.py install is deprecated setup.py egg_info --egg-base ../build/CS460_Project build --build-base /home/main/Documents/CS460_Project/build/CS460_Project/build install --record /home/main/Documents/CS460_Project/build/CS460_Project/install.log --single-version-externally-managed install_data
[0.414s] running egg_info
[0.414s] writing ../build/CS460_Project/CS460_Project.egg-info/PKG-INFO
[0.414s] writing dependency_links to ../build/CS460_Project/CS460_Project.egg-info/dependency_links.txt
[0.414s] writing entry points to ../build/CS460_Project/CS460_Project.egg-info/entry_points.txt
[0.415s] writing requirements to ../build/CS460_Project/CS460_Project.egg-info/requires.txt
[0.415s] writing top-level names to ../build/CS460_Project/CS460_Project.egg-info/top_level.txt
[0.415s] reading manifest file '../build/CS460_Project/CS460_Project.egg-info/SOURCES.txt'
[0.415s] adding license file 'LICENSE'
[0.416s] writing manifest file '../build/CS460_Project/CS460_Project.egg-info/SOURCES.txt'
[0.416s] running build
[0.416s] running build_py
[0.416s] running install
[0.416s] running install_lib
[0.417s] running install_data
[0.417s] creating /home/main/Documents/CS460_Project/install/CS460_Project/share/CS460_Project/launch
[0.417s] copying launch/f23_robotics_launch.py -> /home/main/Documents/CS460_Project/install/CS460_Project/share/CS460_Project/launch
[0.417s] creating /home/main/Documents/CS460_Project/install/CS460_Project/share/CS460_Project/worlds
[0.417s] copying worlds/indoor_environment.wbt -> /home/main/Documents/CS460_Project/install/CS460_Project/share/CS460_Project/worlds
[0.417s] creating /home/main/Documents/CS460_Project/install/CS460_Project/share/CS460_Project/resource
[0.417s] copying resource/turtlebot_webots.urdf -> /home/main/Documents/CS460_Project/install/CS460_Project/share/CS460_Project/resource
[0.417s] copying resource/ros2control.yml -> /home/main/Documents/CS460_Project/install/CS460_Project/share/CS460_Project/resource
[0.417s] running install_egg_info
[0.418s] removing '/home/main/Documents/CS460_Project/install/CS460_Project/lib/python3.10/site-packages/CS460_Project-0.0.0-py3.10.egg-info' (and everything under it)
[0.418s] Copying ../build/CS460_Project/CS460_Project.egg-info to /home/main/Documents/CS460_Project/install/CS460_Project/lib/python3.10/site-packages/CS460_Project-0.0.0-py3.10.egg-info
[0.419s] running install_scripts
[0.431s] Installing robobuddy script to /home/main/Documents/CS460_Project/install/CS460_Project/lib/CS460_Project
[0.431s] writing list of installed files to '/home/main/Documents/CS460_Project/build/CS460_Project/install.log'
[0.442s] Invoked command in '/home/main/Documents/CS460_Project/CS460_Project' returned '0': PYTHONPATH=/home/main/Documents/CS460_Project/build/CS460_Project/prefix_override:/usr/lib/python3/dist-packages/colcon_core/task/python/colcon_distutils_commands:/home/main/Documents/CS460_Project/install/CS460_Project/lib/python3.10/site-packages:${PYTHONPATH} /usr/bin/python3 -W ignore:setup.py install is deprecated setup.py egg_info --egg-base ../build/CS460_Project build --build-base /home/main/Documents/CS460_Project/build/CS460_Project/build install --record /home/main/Documents/CS460_Project/build/CS460_Project/install.log --single-version-externally-managed install_data
